Using pre-set license
Built from '2020.3/staging' branch; Version is '2020.3.4f1 (0abb6314276a) revision 703331'; Using compiler version '192528614'; Build Type 'Release'
OS: 'Windows 10 Home; OS build 19043.1237; Version 2009; 64bit' Language: 'ja' Physical Memory: 3973 MB
BatchMode: 1, IsHumanControllingUs: 0, StartBugReporterOnCrash: 0, Is64bit: 1, IsPro: 0

 COMMAND LINE ARGUMENTS:
C:\Program Files\Unity\Hub\Editor\2020.3.4f1\Editor\Unity.exe
-adb2
-batchMode
-noUpm
-name
AssetImportWorker0
-projectPath
C:/Users/rinnm/Desktop/TeamSKNTWNSN/GameProject
-logFile
Logs/AssetImportWorker0.log
-srvPort
64547
Successfully changed project path to: C:/Users/rinnm/Desktop/TeamSKNTWNSN/GameProject
C:/Users/rinnm/Desktop/TeamSKNTWNSN/GameProject
Using Asset Import Pipeline V2.
Refreshing native plugins compatible for Editor in 59.76 ms, found 0 plugins.
Preloading 0 native plugins for Editor in 0.00 ms.
Initialize engine version: 2020.3.4f1 (0abb6314276a)
[Subsystems] Discovering subsystems at path C:/Program Files/Unity/Hub/Editor/2020.3.4f1/Editor/Data/Resources/UnitySubsystems
[Subsystems] Discovering subsystems at path C:/Users/rinnm/Desktop/TeamSKNTWNSN/GameProject/Assets
GfxDevice: creating device client; threaded=0
Direct3D:
    Version:  Direct3D 11.0 [level 11.1]
    Renderer: Intel(R) UHD Graphics 620 (ID=0x5917)
    Vendor:   
    VRAM:     1986 MB
    Driver:   27.20.100.9365
Initialize mono
Mono path[0] = 'C:/Program Files/Unity/Hub/Editor/2020.3.4f1/Editor/Data/Managed'
Mono path[1] = 'C:/Program Files/Unity/Hub/Editor/2020.3.4f1/Editor/Data/MonoBleedingEdge/lib/mono/unityjit'
Mono config path = 'C:/Program Files/Unity/Hub/Editor/2020.3.4f1/Editor/Data/MonoBleedingEdge/etc'
Using monoOptions --debugger-agent=transport=dt_socket,embedding=1,server=y,suspend=n,address=127.0.0.1:56836
Begin MonoManager ReloadAssembly
Registering precompiled unity dll's ...
Register platform support module: C:/Program Files/Unity/Hub/Editor/2020.3.4f1/Editor/Data/PlaybackEngines/WindowsStandaloneSupport/UnityEditor.WindowsStandalone.Extensions.dll
Registered in 0.003779 seconds.
Native extension for WindowsStandalone target not found
Refreshing native plugins compatible for Editor in 28.73 ms, found 0 plugins.
Preloading 0 native plugins for Editor in 0.00 ms.
Mono: successfully reloaded assembly
- Completed reload, in  2.708 seconds
Platform modules already initialized, skipping
Registering precompiled user dll's ...
Registered in 0.001796 seconds.
Begin MonoManager ReloadAssembly
Native extension for WindowsStandalone target not found
Refreshing native plugins compatible for Editor in 0.24 ms, found 0 plugins.
Preloading 0 native plugins for Editor in 0.00 ms.
Mono: successfully reloaded assembly
- Completed reload, in  1.089 seconds
Platform modules already initialized, skipping
========================================================================
Worker process is ready to serve import requests
Launched and connected shader compiler UnityShaderCompiler.exe after 0.09 seconds
Refreshing native plugins compatible for Editor in 0.22 ms, found 0 plugins.
Preloading 0 native plugins for Editor in 0.00 ms.
Unloading 1126 Unused Serialized files (Serialized files now loaded: 0)
System memory in use before: 60.0 MB.
System memory in use after: 60.1 MB.

Unloading 9 unused Assets to reduce memory usage. Loaded Objects now: 1569.
Total: 3.282500 ms (FindLiveObjects: 0.153100 ms CreateObjectMapping: 0.040900 ms MarkObjects: 2.953900 ms  DeleteObjects: 0.132800 ms)

========================================================================
Received Import Request.
  path: Assets/GameObject/Gimmick/Script
  artifactKey: Guid(34e15c431a9ab6740b1cea1875617ef2) Importer(815301076,1909f56bfc062723c751e8b465ee728b)
Start importing Assets/GameObject/Gimmick/Script using Guid(34e15c431a9ab6740b1cea1875617ef2) Importer(815301076,1909f56bfc062723c751e8b465ee728b)  -> (artifact id: '3066b759157d9a51cb01bc6fb631e421') in 0.031376 seconds
  Import took 0.037961 seconds .

========================================================================
Received Import Request.
  Time since last request: 0.001726 seconds.
  path: Assets/Menu/Script/Pause.cs
  artifactKey: Guid(a7f6d6f3a54b19844bb5f3833cf349c6) Importer(815301076,1909f56bfc062723c751e8b465ee728b)
Start importing Assets/Menu/Script/Pause.cs using Guid(a7f6d6f3a54b19844bb5f3833cf349c6) Importer(815301076,1909f56bfc062723c751e8b465ee728b)  -> (artifact id: 'df290f75c78fdd74eae6eb9274d0dba4') in 0.061776 seconds
  Import took 0.065453 seconds .

========================================================================
Received Import Request.
  Time since last request: 0.000428 seconds.
  path: Assets/GameObject/Gimmick
  artifactKey: Guid(8b7bd4951b1b7bf48a564d95005c7a51) Importer(815301076,1909f56bfc062723c751e8b465ee728b)
Start importing Assets/GameObject/Gimmick using Guid(8b7bd4951b1b7bf48a564d95005c7a51) Importer(815301076,1909f56bfc062723c751e8b465ee728b)  -> (artifact id: 'f3f62002d288e8bd03dd62de3bb410af') in 0.010569 seconds
  Import took 0.014077 seconds .

========================================================================
Received Prepare
Registering precompiled user dll's ...
Registered in 0.002858 seconds.
Begin MonoManager ReloadAssembly
Native extension for WindowsStandalone target not found
Refreshing native plugins compatible for Editor in 0.34 ms, found 0 plugins.
Preloading 0 native plugins for Editor in 0.00 ms.
Mono: successfully reloaded assembly
- Completed reload, in  1.175 seconds
Platform modules already initialized, skipping
Refreshing native plugins compatible for Editor in 0.22 ms, found 0 plugins.
Preloading 0 native plugins for Editor in 0.00 ms.
Unloading 1120 Unused Serialized files (Serialized files now loaded: 0)
System memory in use before: 59.8 MB.
System memory in use after: 59.9 MB.

Unloading 4 unused Assets to reduce memory usage. Loaded Objects now: 1572.
Total: 5.415000 ms (FindLiveObjects: 0.562000 ms CreateObjectMapping: 0.197500 ms MarkObjects: 4.607000 ms  DeleteObjects: 0.045100 ms)

AssetImportWorkerClient::OnTransportError - code=2 error=End of file
