Using pre-set license
Built from '2020.3/staging' branch; Version is '2020.3.4f1 (0abb6314276a) revision 703331'; Using compiler version '192528614'; Build Type 'Release'
OS: 'Windows 10 Home; OS build 19043.1165; Version 2009; 64bit' Language: 'ja' Physical Memory: 16253 MB
BatchMode: 1, IsHumanControllingUs: 0, StartBugReporterOnCrash: 0, Is64bit: 1, IsPro: 0

 COMMAND LINE ARGUMENTS:
C:\Program Files\Unity\Hub\Editor\2020.3.4f1\Editor\Unity.exe
-adb2
-batchMode
-noUpm
-name
AssetImportWorker0
-projectPath
D:/GitHubDesktop/TeamSKNTWNSN/GameProject
-logFile
Logs/AssetImportWorker0.log
-srvPort
58846
Successfully changed project path to: D:/GitHubDesktop/TeamSKNTWNSN/GameProject
D:/GitHubDesktop/TeamSKNTWNSN/GameProject
Using Asset Import Pipeline V2.
Refreshing native plugins compatible for Editor in 22.02 ms, found 0 plugins.
Preloading 0 native plugins for Editor in 0.00 ms.
Initialize engine version: 2020.3.4f1 (0abb6314276a)
[Subsystems] Discovering subsystems at path C:/Program Files/Unity/Hub/Editor/2020.3.4f1/Editor/Data/Resources/UnitySubsystems
[Subsystems] Discovering subsystems at path D:/GitHubDesktop/TeamSKNTWNSN/GameProject/Assets
GfxDevice: creating device client; threaded=0
Direct3D:
    Version:  Direct3D 11.0 [level 11.1]
    Renderer: NVIDIA GeForce RTX 2070 (ID=0x1f02)
    Vendor:   
    VRAM:     8031 MB
    Driver:   27.21.14.5671
Initialize mono
Mono path[0] = 'C:/Program Files/Unity/Hub/Editor/2020.3.4f1/Editor/Data/Managed'
Mono path[1] = 'C:/Program Files/Unity/Hub/Editor/2020.3.4f1/Editor/Data/MonoBleedingEdge/lib/mono/unityjit'
Mono config path = 'C:/Program Files/Unity/Hub/Editor/2020.3.4f1/Editor/Data/MonoBleedingEdge/etc'
Using monoOptions --debugger-agent=transport=dt_socket,embedding=1,server=y,suspend=n,address=127.0.0.1:56356
Begin MonoManager ReloadAssembly
Registering precompiled unity dll's ...
Register platform support module: C:/Program Files/Unity/Hub/Editor/2020.3.4f1/Editor/Data/PlaybackEngines/WindowsStandaloneSupport/UnityEditor.WindowsStandalone.Extensions.dll
Registered in 0.002677 seconds.
Native extension for WindowsStandalone target not found
Refreshing native plugins compatible for Editor in 19.34 ms, found 0 plugins.
Preloading 0 native plugins for Editor in 0.00 ms.
Mono: successfully reloaded assembly
- Completed reload, in  1.030 seconds
Platform modules already initialized, skipping
Registering precompiled user dll's ...
Registered in 0.000519 seconds.
Begin MonoManager ReloadAssembly
Native extension for WindowsStandalone target not found
Refreshing native plugins compatible for Editor in 0.17 ms, found 0 plugins.
Preloading 0 native plugins for Editor in 0.00 ms.
Mono: successfully reloaded assembly
- Completed reload, in  0.768 seconds
Platform modules already initialized, skipping
========================================================================
Worker process is ready to serve import requests
Launched and connected shader compiler UnityShaderCompiler.exe after 0.05 seconds
Refreshing native plugins compatible for Editor in 0.18 ms, found 0 plugins.
Preloading 0 native plugins for Editor in 0.00 ms.
Unloading 1115 Unused Serialized files (Serialized files now loaded: 0)
System memory in use before: 59.8 MB.
System memory in use after: 59.9 MB.

Unloading 10 unused Assets to reduce memory usage. Loaded Objects now: 1557.
Total: 1.640700 ms (FindLiveObjects: 0.108000 ms CreateObjectMapping: 0.029900 ms MarkObjects: 1.437800 ms  DeleteObjects: 0.064000 ms)

========================================================================
Received Import Request.
  path: Assets/Scenes
  artifactKey: Guid(af2c3c31cec978e439708acd35588f3b) Importer(815301076,1909f56bfc062723c751e8b465ee728b)
Start importing Assets/Scenes using Guid(af2c3c31cec978e439708acd35588f3b) Importer(815301076,1909f56bfc062723c751e8b465ee728b)  -> (artifact id: 'a017588849b330b909139e414f402318') in 0.026710 seconds
  Import took 0.051654 seconds .

========================================================================
Received Import Request.
  Time since last request: 7.017441 seconds.
  path: Assets/Scenes/PlayScene.unity
  artifactKey: Guid(320d40eb2c345b64080e31d219854ca9) Importer(815301076,1909f56bfc062723c751e8b465ee728b)
Start importing Assets/Scenes/PlayScene.unity using Guid(320d40eb2c345b64080e31d219854ca9) Importer(815301076,1909f56bfc062723c751e8b465ee728b)  -> (artifact id: '3c878d346e1d24a3e77ac6b36929c188') in 0.009785 seconds
  Import took 0.011634 seconds .

========================================================================
Received Import Request.
  Time since last request: 1.659475 seconds.
  path: Assets/Scenes/SampleScene.unity
  artifactKey: Guid(9fc0d4010bbf28b4594072e72b8655ab) Importer(815301076,1909f56bfc062723c751e8b465ee728b)
Start importing Assets/Scenes/SampleScene.unity using Guid(9fc0d4010bbf28b4594072e72b8655ab) Importer(815301076,1909f56bfc062723c751e8b465ee728b)  -> (artifact id: 'b44b7d31c05a4613b8ea63150fc17bbc') in 0.002111 seconds
  Import took 0.003684 seconds .

========================================================================
Received Import Request.
  Time since last request: 8.762575 seconds.
  path: Assets/Scenes/TitleScene.unity
  artifactKey: Guid(9fc0d4010bbf28b4594072e72b8655ab) Importer(815301076,1909f56bfc062723c751e8b465ee728b)
Start importing Assets/Scenes/TitleScene.unity using Guid(9fc0d4010bbf28b4594072e72b8655ab) Importer(815301076,1909f56bfc062723c751e8b465ee728b)  -> (artifact id: '080ab9ddfd4ddfd5ade441567e8453bf') in 0.020162 seconds
  Import took 0.021798 seconds .

========================================================================
Received Import Request.
  Time since last request: 37.790092 seconds.
  path: Assets/Scenes/ResultScene.unity
  artifactKey: Guid(8f8f09e5a796e6046a6eb3c8805d9a24) Importer(815301076,1909f56bfc062723c751e8b465ee728b)
Start importing Assets/Scenes/ResultScene.unity using Guid(8f8f09e5a796e6046a6eb3c8805d9a24) Importer(815301076,1909f56bfc062723c751e8b465ee728b)  -> (artifact id: '0eb4962f49c9eb2ebe21622693b2e970') in 0.001969 seconds
  Import took 0.003662 seconds .

AssetImportWorkerClient::OnTransportError - code=2 error=End of file
